[10:13:28] [main/INFO]: Loading Minecraft 1.19.2 with Fabric Loader 0.16.3
[10:13:28] [ForkJoinPool-1-worker-6/WARN]: Mod travelersbackpack uses the version fabric-1.19.2-8.2.40 which isn't compatible with Loader's extended semantic version format (Could not parse version number component 'fabric'!), SemVer is recommended for reliably evaluating dependencies and prioritizing newer version
[10:13:28] [main/INFO]: Loading 129 mods:
	- another_furniture 1.19.2-2.1.4
	- beautify 1.1.1+fabric-1.19.2
	   |-- cardinal-components-base 5.0.2
	   |-- cardinal-components-entity 5.0.2
	   \-- cardinal-components-world 5.0.2
	- byg 2.0.1.6
	- chunksending 1.19.2-2.8
	- cloth-config 8.3.115
	   \-- cloth-basic-math 0.6.1
	- collective 7.64
	- corgilib 1.0.0.34
	   |-- com_electronwill_night-config_core 3.6.6
	   \-- com_electronwill_night-config_toml 3.6.6
	- create 0.5.1-f-build.1416+mc1.19.2
	   |-- com_google_code_findbugs_jsr305 3.0.2
	   |-- flywheel 0.6.10-8
	   |-- forge_tags 3.0
	   |-- forgeconfigapiport 4.2.9
	   |-- milk 1.0.51
	   |    \-- dripstone_fluid_lib 2.0.1
	   |-- porting_lib_accessors 2.1.1305+1.19.2
	   |-- porting_lib_base 2.1.1305+1.19.2
	   |    |-- mm 2.3
	   |    |-- porting_lib_attributes 2.1.1305+1.19.2
	   |    |-- porting_lib_common 2.1.1305+1.19.2
	   |    |-- porting_lib_constants 2.1.1305+1.19.2
	   |    |-- porting_lib_lazy_registration 2.1.1305+1.19.2
	   |    |-- porting_lib_loot 2.1.1305+1.19.2
	   |    |-- porting_lib_model_generators 2.1.1305+1.19.2
	   |    |-- porting_lib_model_loader 2.1.1305+1.19.2
	   |    \-- porting_lib_models 2.1.1305+1.19.2
	   |-- porting_lib_entity 2.1.1305+1.19.2
	   |    \-- porting_lib_constants 2.1.1305+1.19.2
	   |-- porting_lib_extensions 2.1.1305+1.19.2
	   |    |-- porting_lib_attributes 2.1.1305+1.19.2
	   |    |-- porting_lib_common 2.1.1305+1.19.2
	   |    \-- porting_lib_constants 2.1.1305+1.19.2
	   |-- porting_lib_fake_players 2.1.1305+1.19.2
	   |-- porting_lib_networking 2.1.1305+1.19.2
	   |-- porting_lib_obj_loader 2.1.1305+1.19.2
	   |    |-- porting_lib_attributes 2.1.1305+1.19.2
	   |    |-- porting_lib_common 2.1.1305+1.19.2
	   |    |-- porting_lib_constants 2.1.1305+1.19.2
	   |    \-- porting_lib_model_loader 2.1.1305+1.19.2
	   |-- porting_lib_transfer 2.1.1305+1.19.2
	   |    |-- porting_lib_attributes 2.1.1305+1.19.2
	   |    |-- porting_lib_common 2.1.1305+1.19.2
	   |    \-- porting_lib_constants 2.1.1305+1.19.2
	   |-- reach-entity-attributes 2.3.0
	   \-- registrate-fabric 1.1.58-MC1.19.2
	- cupboard 1.19.2-2.6
	- entityculling 1.6.1-mc1.19.2
	- fabric-api 0.77.0+1.19.2
	   |-- fabric-api-base 0.4.15+8f4e8eb390
	   |-- fabric-api-lookup-api-v1 1.6.14+93d8cb8290
	   |-- fabric-biome-api-v1 9.1.1+16f1e31390
	   |-- fabric-block-api-v1 1.0.2+e415d50e90
	   |-- fabric-blockrenderlayer-v1 1.1.25+cafc6e8e90
	   |-- fabric-client-tags-api-v1 1.0.5+b35fea8390
	   |-- fabric-command-api-v1 1.2.16+f71b366f90
	   |-- fabric-command-api-v2 2.2.1+413cbbc790
	   |-- fabric-commands-v0 0.2.33+df3654b390
	   |-- fabric-containers-v0 0.1.42+df3654b390
	   |-- fabric-content-registries-v0 3.5.2+7c6cd14d90
	   |-- fabric-convention-tags-v1 1.3.0+4bc6e26290
	   |-- fabric-crash-report-info-v1 0.2.8+aeb40ebe90
	   |-- fabric-data-generation-api-v1 5.3.9+413cbbc790
	   |-- fabric-dimensions-v1 2.1.35+0d0f210290
	   |-- fabric-entity-events-v1 1.5.4+9244241690
	   |-- fabric-events-interaction-v0 0.4.34+562bff6e90
	   |-- fabric-events-lifecycle-v0 0.2.36+df3654b390
	   |-- fabric-game-rule-api-v1 1.0.24+b6b6abb490
	   |-- fabric-item-api-v1 1.6.6+b7d1888890
	   |-- fabric-item-groups-v0 0.3.39+9244241690
	   |-- fabric-key-binding-api-v1 1.0.25+5c4fce2890
	   |-- fabric-keybindings-v0 0.2.23+df3654b390
	   |-- fabric-lifecycle-events-v1 2.2.4+1b46dc7890
	   |-- fabric-loot-api-v2 1.1.13+83a8659290
	   |-- fabric-loot-tables-v1 1.1.16+9e7660c690
	   |-- fabric-message-api-v1 5.0.7+93d8cb8290
	   |-- fabric-mining-level-api-v1 2.1.24+33fbc73890
	   |-- fabric-models-v0 0.3.21+c6af733c90
	   |-- fabric-networking-api-v1 1.2.12+def3f86d90
	   |-- fabric-networking-v0 0.3.29+df3654b390
	   |-- fabric-object-builder-api-v1 4.2.2+d8ef690890
	   |-- fabric-particles-v1 1.1.0+ee641e7390
	   |-- fabric-recipe-api-v1 1.0.2+413cbbc790
	   |-- fabric-registry-sync-v0 0.9.33+9244241690
	   |-- fabric-renderer-api-v1 1.2.1+1adbf27790
	   |-- fabric-renderer-indigo 0.8.0+1adbf27790
	   |-- fabric-renderer-registries-v1 3.2.25+df3654b390
	   |-- fabric-rendering-data-attachment-v1 0.3.19+6e0787e690
	   |-- fabric-rendering-fluids-v1 3.0.11+4d0d570390
	   |-- fabric-rendering-v0 1.1.28+df3654b390
	   |-- fabric-rendering-v1 1.13.0+526f2c6790
	   |-- fabric-resource-conditions-api-v1 2.1.2+aae9039d90
	   |-- fabric-resource-loader-v0 0.8.4+edbdcddb90
	   |-- fabric-screen-api-v1 1.0.32+4d0d570390
	   |-- fabric-screen-handler-api-v1 1.3.8+1cc24b1b90
	   |-- fabric-sound-api-v1 1.0.2+c4f28df590
	   |-- fabric-textures-v0 1.0.24+aeb40ebe90
	   |-- fabric-transfer-api-v1 2.1.6+413cbbc790
	   \-- fabric-transitive-access-wideners-v1 1.3.3+08b73de490
	- fabricloader 0.16.3
	   \-- mixinextras 0.4.1
	- framework 0.7.11
	   |-- org_javassist_javassist 3.29.2-GA
	   \-- org_reflections_reflections 0.10.2
	- geckolib3 3.1.40
	   \-- com_eliotlash_mclib_mclib 20
	- gpumemleakfix 1.19.2-1.6
	- iris 1.6.6
	   |-- io_github_douira_glsl-transformer 2.0.0-pre13
	   |-- org_anarres_jcpp 1.4.14
	   \-- org_antlr_antlr4-runtime 4.11.1
	- java 17
	- jei 11.6.0.1019
	- lithium 0.11.1
	- mcwbridges 3.0.0
	- mcwfences 1.1.2
	- minecraft 1.19.2
	- moonlight 1.19.2-2.3.7
	- mvs 4.1.4-1.19.2-fabric
	- phosphor 0.8.1
	- refurbished_furniture 1.0.6
	- smoothchunk 1.19.2-3.5
	- sodium 0.4.4+build.18
	   \-- org_joml_joml 1.10.4
	- stackrefill 4.4
	- t_and_t 1.9
	- takesapillage 1.0.4
	   \-- midnightlib 1.0.0
	- terrablender 2.0.1.136
	- travelersbackpack fabric-1.19.2-8.2.40
	   \-- reach-entity-attributes 2.3.0
	- twilightforest 4.2.357
	   |-- here-be-no-dragons 1.0.0
	   |-- javax_annotation_javax_annotation-api 1.3.2
	   |-- mm 2.3
	   |-- porting_lib 2.1.727+1.19.2
	   |    \-- serialization_hooks 0.3.26
	   \-- reach-entity-attributes 2.3.0
	- xaerominimap 24.4.0
[10:13:29] [main/INFO]: SpongePowered MIXIN Subsystem Version=0.8.7 Source=file:/C:/Users/virbu/curseforge/minecraft/Install/libraries/net/fabricmc/sponge-mixin/0.15.2+mixin.0.8.7/sponge-mixin-0.15.2+mixin.0.8.7.jar Service=Knot/Fabric Env=CLIENT
[10:13:29] [main/INFO]: Compatibility level set to JAVA_17
[10:13:29] [main/WARN]: Reference map 'another_furniture-fabric-fabric-refmap.json' for another_furniture.mixins.json could not be read. If this is a development environment you can ignore this message
[10:13:29] [main/WARN]: Reference map 'Oh_The_Biomes_You'll_Go-fabric-1.19.2-refmap.json' for byg.mixins.json could not be read. If this is a development environment you can ignore this message
[10:13:30] [main/INFO]: Loaded configuration file for Lithium: 114 options available, 0 override(s) found
[10:13:30] [main/INFO]: Loaded configuration file for Sodium: 29 options available, 1 override(s) found
[10:13:31] [main/WARN]: Force-disabling mixin 'features.sky.MixinWorldRenderer' as rule 'mixin.features.sky' (added by mods [iris]) disables it and children
[10:13:32] [main/INFO]: Initializing MixinExtras via com.llamalad7.mixinextras.service.MixinExtrasServiceImpl(version=0.4.1).
[10:13:38] [main/WARN]: Method overwrite conflict for setTranslation in flywheel.fabric.mixins.json:Matrix4fMixin from mod flywheel, previously written by io.github.fabricators_of_create.porting_lib.mixin.common.Matrix4fMixin. Skipping method.
[10:13:42] [main/WARN]: @Inject(@At("INVOKE_ASSIGN")) Shift.BY=2 on refurbished_furniture.common.mixins.json:LevelChunkMixin from mod refurbished_furniture::handler$dag000$refurbished_furniture$refurbishedFurniture$AfterRemoveBlockEntity exceeds the maximum allowed value: 0. Increase the value of maxShiftBy to suppress this warning.
[10:13:43] [main/INFO]: Building optimized datafixer
[10:13:55] [Render thread/INFO]: Environment: authHost='https://authserver.mojang.com', accountsHost='https://api.mojang.com', sessionHost='https://sessionserver.mojang.com', servicesHost='https://api.minecraftservices.com', name='PROD'
[10:13:56] [Render thread/INFO]: Setting user: Virbu_s
[10:13:58] [Render thread/INFO]: Initializing network...
[10:13:59] [Render thread/INFO]: Initialized network!
[10:14:01] [Render thread/ERROR]: No data fixer registered for byg:boat
[10:14:01] [Render thread/ERROR]: No data fixer registered for byg:chest_boat
[10:14:01] [Render thread/ERROR]: No data fixer registered for byg:man_o_war
[10:14:01] [Render thread/ERROR]: No data fixer registered for byg:pumpkin_warden
[10:14:02] [Render thread/INFO]: Loaded config for: chunksending.json
[10:14:02] [Render thread/INFO]: chunksending mod initialized
[10:14:03] [Render thread/INFO]: Loading Collective version 7.64.
[10:14:07] [Render thread/WARN]: Method overwrite conflict for getPixelRGBA in moonlight.mixins.json:TextureAtlasSpriteMixin from mod moonlight, previously written by io.github.fabricators_of_create.porting_lib.mixin.client.TextureAtlasSpriteMixin. Skipping method.
[10:14:08] [Render thread/WARN]: Static binding violation: PRIVATE @Overwrite method method_23182 in sodium.mixins.json:features.item.MixinItemRenderer from mod sodium cannot reduce visibiliy of PUBLIC target method, visibility will be upgraded.
[10:14:08] [Render thread/WARN]: Static binding violation: PRIVATE @Overwrite method method_23180 in sodium.mixins.json:features.item.MixinItemRenderer from mod sodium cannot reduce visibiliy of PUBLIC target method, visibility will be upgraded.
[10:14:10] [Render thread/WARN]: Encountered duplicate API provider registration for item: minecraft:bucket
[10:14:10] [Render thread/WARN]: Encountered duplicate API provider registration for item: minecraft:glass_bottle
[10:14:10] [Render thread/WARN]: Encountered duplicate API provider registration for item: minecraft:bucket
[10:14:10] [Render thread/WARN]: Encountered duplicate API provider registration for item: minecraft:glass_bottle
[10:14:12] [Render thread/WARN]: Encountered duplicate API provider registration for item: minecraft:bucket
[10:14:12] [Render thread/INFO]: Loaded config for: cupboard.json
[10:14:13] [Render thread/INFO]: Reflections took 389 ms to scan 1 urls, producing 9 keys and 76 values
[10:14:15] [Render thread/ERROR]: No data fixer registered for seat
[10:14:15] [Render thread/INFO]: Definitely not up to no good
[10:14:16] [Render thread/INFO]: Registered synced data key refurbished_furniture:lock_yaw for refurbished_furniture:seat
[10:14:16] [Render thread/INFO]: Registered region minecraft:overworld to index 0 for type OVERWORLD
[10:14:16] [Render thread/INFO]: Registered region minecraft:nether to index 0 for type NETHER
[10:14:16] [Render thread/INFO]: Registered region byg:region_0 to index 1 for type OVERWORLD
[10:14:16] [Render thread/INFO]: Registered region byg:region_1 to index 2 for type OVERWORLD
[10:14:16] [Render thread/INFO]: Registered region byg:region_2 to index 3 for type OVERWORLD
[10:14:16] [Render thread/INFO]: Registered region byg:region_3 to index 4 for type OVERWORLD
[10:14:16] [Render thread/INFO]: Registered the FluidEffect with Unique ID of minecraft:water for minecraft:water 81000 with the ID 0
[10:14:16] [Render thread/INFO]: Registered the FluidEffect with Unique ID of minecraft:lava for minecraft:lava 81000 with the ID 1
[10:14:16] [Render thread/INFO]: Registered the FluidEffect with Unique ID of travelersbackpack:potion for travelersbackpack:potion_still 27000 with the ID 2
[10:14:16] [Render thread/INFO]: Registered the FluidEffect with Unique ID of travelersbackpack:milk for travelersbackpack:milk_still 81000 with the ID 3
[10:14:16] [Render thread/INFO]: Registered the FluidEffect with Unique ID of create:potion for create:potion 27000 with the ID 4
[10:14:22] [Render thread/INFO]: [Indigo] Different rendering plugin detected; not applying Indigo.
[10:14:22] [Render thread/INFO]: Iris detected.
[10:14:22] [Render thread/WARN]: Failed to find custom wood type byg:embur
[10:14:22] [Render thread/INFO]: Initialized block sets in 26ms
[10:14:22] [Render thread/INFO]: Initialized color sets in 71ms
[10:14:22] [Render thread/INFO]: Initialized color sets in 91ms
[10:14:24] [Render thread/INFO]: Loading Xaero's Minimap - Stage 1/2
[10:14:24] [ForkJoinPool.commonPool-worker-1/WARN]: [Iris Update Check] Cached update file detected, using that!
[10:14:25] [Render thread/INFO]: Backend library: LWJGL version 3.3.1 SNAPSHOT
[10:14:27] [Render thread/INFO]: Debug functionality is disabled.
[10:14:27] [Render thread/INFO]: ARB_direct_state_access detected, enabling DSA.
[10:14:27] [Render thread/INFO]: Shaders are disabled because no valid shaderpack is selected
[10:14:27] [Render thread/INFO]: Shaders are disabled
[10:14:28] [Render thread/INFO]: Registered 3 provided loaders: twilightforest:patch, twilightforest:giant_block, twilightforest:castle_door
[10:14:28] [Render thread/INFO]: Hardware information:
[10:14:28] [Render thread/INFO]: CPU: 8x Intel(R) Core(TM) i7-4770 CPU @ 3.40GHz
[10:14:28] [Render thread/INFO]: GPU: Radeon RX 570 Series (Supports OpenGL 3.2.0 Core Profile Context 24.7.1.240618)
[10:14:28] [Render thread/INFO]: OS: Windows 10 (10.0)
[10:14:30] [Render thread/INFO]: Reloading ResourceManager: Default, Fabric Mods (Another Furniture, Beautify, Oh The Biomes You'll Go, Cardinal Components API (base), Cardinal Components API (entities), Cardinal Components API (worlds), Chunksending Mod, Cloth Config v8, CorgiLib, Create, Dripstone Fluid Lib, EntityCulling-Fabric, Fabric API, Fabric API Base, Fabric API Lookup API (v1), Fabric Biome API (v1), Fabric Block API (v1), Fabric BlockRenderLayer Registration (v1), Fabric Client Tags, Fabric Command API (v1), Fabric Command API (v2), Fabric Commands (v0), Fabric Containers (v0), Fabric Content Registries (v0), Fabric Convention Tags, Fabric Crash Report Info (v1), Fabric Data Generation API (v1), Fabric Dimensions API (v1), Fabric Entity Events (v1), Fabric Events Interaction (v0), Fabric Events Lifecycle (v0), Fabric Game Rule API (v1), Fabric Item API (v1), Fabric Item Groups (v0), Fabric Key Binding API (v1), Fabric Key Bindings (v0), Fabric Lifecycle Events (v1), Fabric Loot API (v2), Fabric Loot Tables (v1), Fabric Message API (v1), Fabric Mining Level API (v1), Fabric Models (v0), Fabric Networking API (v1), Fabric Networking (v0), Fabric Object Builder API (v1), Fabric Particles (v1), Fabric Recipe API (v1), Fabric Registry Sync (v0), Fabric Renderer API (v1), Fabric Renderer - Indigo, Fabric Renderer Registries (v1), Fabric Rendering Data Attachment (v1), Fabric Rendering Fluids (v1), Fabric Rendering (v0), Fabric Rendering (v1), Fabric Resource Conditions API (v1), Fabric Resource Loader (v0), Fabric Screen API (v1), Fabric Screen Handler API (v1), Fabric Sound API (v1), Fabric Textures (v0), Fabric Transfer API (v1), Fabric Transitive Access Wideners (v1), Fabric Loader, Flywheel, Porting Lib Tags, Forge Config API Port, Framework, Geckolib, Here be no Dragons!, Iris, Just Enough Items, Lithium, Macaw's Bridges, Macaw's Fences and Walls, MidnightLib, Milk Lib, Manningham Mills, Moonlight, Moog's Voyager Structures, Phosphor, Porting Lib, Porting Lib Accessors, Porting Lib Attributes, Porting Lib Base, Porting Lib Common, Porting Lib Constants, Porting Lib Entity, Porting Lib Extensions, Porting Lib Fake Players, Porting Lib Lazy Register, Porting Lib Loot, Porting Lib Model Generators, Porting Lib Model Loader, Porting Lib Models, Porting Lib Networking, Porting Lib Obj Loader, Porting Lib Transfer, Reach Entity Attributes, MrCrayfish's Furniture Mod: Refurbished, Registrate for Fabric, Serialization Hooks, Smooth chunk save Mod, Sodium, Takes a Pillage, TerraBlender, Traveler's Backpack, The Twilight Forest, Xaero's Minimap)
[10:14:30] [Render thread/INFO]: Creating pipeline for dimension NamespacedId{namespace='minecraft', name='overworld'}
[10:14:31] [Render thread/INFO]: Loaded config for: smoothchunk.json
[10:14:31] [Render thread/INFO]: [STDOUT]: (MidnightLib) Player hats successfully loaded!
[10:14:31] [Render thread/INFO]: Loading Xaero's Minimap - Stage 2/2
[10:14:32] [Worker-Main-13/INFO]: [STDERR]: java.lang.IndexOutOfBoundsException: Index -1 out of bounds for length 0
[10:14:32] [Worker-Main-13/INFO]: [STDERR]: 	at java.base/jdk.internal.util.Preconditions.outOfBounds(Preconditions.java:64)
[10:14:32] [Worker-Main-13/INFO]: [STDERR]: 	at java.base/jdk.internal.util.Preconditions.outOfBoundsCheckIndex(Preconditions.java:70)
[10:14:32] [Worker-Main-13/INFO]: [STDERR]: 	at java.base/jdk.internal.util.Preconditions.checkIndex(Preconditions.java:266)
[10:14:32] [Worker-Main-13/INFO]: [STDERR]: 	at java.base/java.util.Objects.checkIndex(Objects.java:361)
[10:14:32] [Worker-Main-13/INFO]: [STDERR]: 	at java.base/java.util.ArrayList$SubList.get(ArrayList.java:1149)
[10:14:32] [Worker-Main-13/INFO]: [STDERR]: 	at software.bernie.shadowed.eliotlash.mclib.math.MathBuilder.parseSymbols(MathBuilder.java:306)
[10:14:32] [Worker-Main-13/INFO]: [STDERR]: 	at software.bernie.shadowed.eliotlash.mclib.math.MathBuilder.parseSymbols(MathBuilder.java:282)
[10:14:32] [Worker-Main-13/INFO]: [STDERR]: 	at software.bernie.shadowed.eliotlash.mclib.math.MathBuilder.createFunction(MathBuilder.java:439)
[10:14:32] [Worker-Main-13/INFO]: [STDERR]: 	at software.bernie.shadowed.eliotlash.mclib.math.MathBuilder.parseSymbols(MathBuilder.java:266)
[10:14:32] [Worker-Main-13/INFO]: [STDERR]: 	at software.bernie.shadowed.eliotlash.mclib.math.MathBuilder.parseSymbols(MathBuilder.java:308)
[10:14:32] [Worker-Main-13/INFO]: [STDERR]: 	at software.bernie.shadowed.eliotlash.mclib.math.MathBuilder.parseSymbols(MathBuilder.java:283)
[10:14:32] [Worker-Main-13/INFO]: [STDERR]: 	at software.bernie.geckolib3.core.molang.MolangParser.parseSymbolsMolang(MolangParser.java:228)
[10:14:32] [Worker-Main-13/INFO]: [STDERR]: 	at software.bernie.geckolib3.core.molang.MolangParser.parseOneLine(MolangParser.java:216)
[10:14:32] [Worker-Main-13/INFO]: [STDERR]: 	at software.bernie.geckolib3.core.molang.MolangParser.parseExpression(MolangParser.java:174)
[10:14:32] [Worker-Main-13/INFO]: [STDERR]: 	at software.bernie.geckolib3.core.molang.MolangParser.parseJson(MolangParser.java:154)
[10:14:32] [Worker-Main-13/INFO]: [STDERR]: 	at software.bernie.geckolib3.util.json.JsonKeyFrameUtils.parseExpression(JsonKeyFrameUtils.java:179)
[10:14:32] [Worker-Main-13/INFO]: [STDERR]: 	at software.bernie.geckolib3.util.json.JsonKeyFrameUtils.convertJson(JsonKeyFrameUtils.java:57)
[10:14:32] [Worker-Main-13/INFO]: [STDERR]: 	at software.bernie.geckolib3.util.json.JsonKeyFrameUtils.convertJsonToRotationKeyFrames(JsonKeyFrameUtils.java:173)
[10:14:32] [Worker-Main-13/INFO]: [STDERR]: 	at software.bernie.geckolib3.util.json.JsonAnimationUtils.deserializeJsonToAnimation(JsonAnimationUtils.java:278)
[10:14:32] [Worker-Main-13/INFO]: [STDERR]: 	at software.bernie.geckolib3.file.AnimationFileLoader.loadAllAnimations(AnimationFileLoader.java:32)
[10:14:32] [Worker-Main-13/INFO]: [STDERR]: 	at software.bernie.geckolib3.resource.GeckoLibCache.lambda$reload$0(GeckoLibCache.java:73)
[10:14:32] [Worker-Main-13/INFO]: [STDERR]: 	at software.bernie.geckolib3.resource.GeckoLibCache.lambda$loadResources$5(GeckoLibCache.java:91)
[10:14:32] [Worker-Main-13/INFO]: [STDERR]: 	at java.base/java.util.concurrent.CompletableFuture$AsyncSupply.run(CompletableFuture.java:1768)
[10:14:32] [Worker-Main-13/INFO]: [STDERR]: 	at java.base/java.util.concurrent.CompletableFuture$AsyncSupply.exec(CompletableFuture.java:1760)
[10:14:32] [Worker-Main-13/INFO]: [STDERR]: 	at java.base/java.util.concurrent.ForkJoinTask.doExec(ForkJoinTask.java:373)
[10:14:32] [Worker-Main-13/INFO]: [STDERR]: 	at java.base/java.util.concurrent.ForkJoinPool$WorkQueue.topLevelExec(ForkJoinPool.java:1182)
[10:14:32] [Worker-Main-13/INFO]: [STDERR]: 	at java.base/java.util.concurrent.ForkJoinPool.scan(ForkJoinPool.java:1655)
[10:14:32] [Worker-Main-13/INFO]: [STDERR]: 	at java.base/java.util.concurrent.ForkJoinPool.runWorker(ForkJoinPool.java:1622)
[10:14:32] [Worker-Main-13/INFO]: [STDERR]: 	at java.base/java.util.concurrent.ForkJoinWorkerThread.run(ForkJoinWorkerThread.java:165)
[10:14:32] [Worker-Main-13/INFO]: [STDERR]: java.lang.IndexOutOfBoundsException: Index -1 out of bounds for length 0
[10:14:32] [Worker-Main-13/INFO]: [STDERR]: 	at java.base/jdk.internal.util.Preconditions.outOfBounds(Preconditions.java:64)
[10:14:32] [Worker-Main-13/INFO]: [STDERR]: 	at java.base/jdk.internal.util.Preconditions.outOfBoundsCheckIndex(Preconditions.java:70)
[10:14:32] [Worker-Main-13/INFO]: [STDERR]: 	at java.base/jdk.internal.util.Preconditions.checkIndex(Preconditions.java:266)
[10:14:32] [Worker-Main-13/INFO]: [STDERR]: 	at java.base/java.util.Objects.checkIndex(Objects.java:361)
[10:14:32] [Worker-Main-13/INFO]: [STDERR]: 	at java.base/java.util.ArrayList$SubList.get(ArrayList.java:1149)
[10:14:32] [Worker-Main-13/INFO]: [STDERR]: 	at software.bernie.shadowed.eliotlash.mclib.math.MathBuilder.parseSymbols(MathBuilder.java:306)
[10:14:32] [Worker-Main-13/INFO]: [STDERR]: 	at software.bernie.shadowed.eliotlash.mclib.math.MathBuilder.parseSymbols(MathBuilder.java:282)
[10:14:32] [Worker-Main-13/INFO]: [STDERR]: 	at software.bernie.shadowed.eliotlash.mclib.math.MathBuilder.createFunction(MathBuilder.java:439)
[10:14:32] [Worker-Main-13/INFO]: [STDERR]: 	at software.bernie.shadowed.eliotlash.mclib.math.MathBuilder.parseSymbols(MathBuilder.java:266)
[10:14:32] [Worker-Main-13/INFO]: [STDERR]: 	at software.bernie.shadowed.eliotlash.mclib.math.MathBuilder.parseSymbols(MathBuilder.java:308)
[10:14:32] [Worker-Main-13/INFO]: [STDERR]: 	at software.bernie.shadowed.eliotlash.mclib.math.MathBuilder.parseSymbols(MathBuilder.java:283)
[10:14:32] [Worker-Main-13/INFO]: [STDERR]: 	at software.bernie.geckolib3.core.molang.MolangParser.parseSymbolsMolang(MolangParser.java:228)
[10:14:32] [Worker-Main-13/INFO]: [STDERR]: 	at software.bernie.geckolib3.core.molang.MolangParser.parseOneLine(MolangParser.java:216)
[10:14:32] [Worker-Main-13/INFO]: [STDERR]: 	at software.bernie.geckolib3.core.molang.MolangParser.parseExpression(MolangParser.java:174)
[10:14:32] [Worker-Main-13/INFO]: [STDERR]: 	at software.bernie.geckolib3.core.molang.MolangParser.parseJson(MolangParser.java:154)
[10:14:32] [Worker-Main-13/INFO]: [STDERR]: 	at software.bernie.geckolib3.util.json.JsonKeyFrameUtils.parseExpression(JsonKeyFrameUtils.java:179)
[10:14:32] [Worker-Main-13/INFO]: [STDERR]: 	at software.bernie.geckolib3.util.json.JsonKeyFrameUtils.convertJson(JsonKeyFrameUtils.java:57)
[10:14:32] [Worker-Main-13/INFO]: [STDERR]: 	at software.bernie.geckolib3.util.json.JsonKeyFrameUtils.convertJsonToRotationKeyFrames(JsonKeyFrameUtils.java:173)
[10:14:32] [Worker-Main-13/INFO]: [STDERR]: 	at software.bernie.geckolib3.util.json.JsonAnimationUtils.deserializeJsonToAnimation(JsonAnimationUtils.java:278)
[10:14:32] [Worker-Main-13/INFO]: [STDERR]: 	at software.bernie.geckolib3.file.AnimationFileLoader.loadAllAnimations(AnimationFileLoader.java:32)
[10:14:32] [Worker-Main-13/INFO]: [STDERR]: 	at software.bernie.geckolib3.resource.GeckoLibCache.lambda$reload$0(GeckoLibCache.java:73)
[10:14:32] [Worker-Main-13/INFO]: [STDERR]: 	at software.bernie.geckolib3.resource.GeckoLibCache.lambda$loadResources$5(GeckoLibCache.java:91)
[10:14:32] [Worker-Main-13/INFO]: [STDERR]: 	at java.base/java.util.concurrent.CompletableFuture$AsyncSupply.run(CompletableFuture.java:1768)
[10:14:32] [Worker-Main-13/INFO]: [STDERR]: 	at java.base/java.util.concurrent.CompletableFuture$AsyncSupply.exec(CompletableFuture.java:1760)
[10:14:32] [Worker-Main-13/INFO]: [STDERR]: 	at java.base/java.util.concurrent.ForkJoinTask.doExec(ForkJoinTask.java:373)
[10:14:32] [Worker-Main-13/INFO]: [STDERR]: 	at java.base/java.util.concurrent.ForkJoinPool$WorkQueue.topLevelExec(ForkJoinPool.java:1182)
[10:14:32] [Worker-Main-13/INFO]: [STDERR]: 	at java.base/java.util.concurrent.ForkJoinPool.scan(ForkJoinPool.java:1655)
[10:14:32] [Worker-Main-13/INFO]: [STDERR]: 	at java.base/java.util.concurrent.ForkJoinPool.runWorker(ForkJoinPool.java:1622)
[10:14:32] [Worker-Main-13/INFO]: [STDERR]: 	at java.base/java.util.concurrent.ForkJoinWorkerThread.run(ForkJoinWorkerThread.java:165)
[10:14:33] [Render thread/INFO]: Registered player tracker system: minimap_synced
[10:14:33] [Render thread/INFO]: No Optifine!
[10:14:33] [Render thread/INFO]: Xaero's Minimap: No Vivecraft!
[10:14:33] [Render thread/INFO]: Xaero's Minimap: Iris found!
[10:14:47] [Worker-Main-14/WARN]: Unable to resolve texture reference: #missing in byg:block/clover_patch
[10:14:47] [Worker-Main-14/WARN]: Unable to resolve texture reference: #missing in byg:block/clover_patch2
[10:14:47] [Worker-Main-14/WARN]: Unable to resolve texture reference: #missing in byg:block/clover_patch3
[10:14:47] [Worker-Main-14/WARN]: Unable to resolve texture reference: #missing in byg:block/clover_patch4
[10:14:47] [Worker-Main-14/WARN]: Unable to resolve texture reference: #missing in byg:block/flower_patch
[10:14:47] [Worker-Main-14/WARN]: Unable to resolve texture reference: #missing in byg:block/flower_patch2
[10:14:47] [Worker-Main-14/WARN]: Unable to resolve texture reference: #missing in byg:block/flower_patch3
[10:14:49] [Render thread/WARN]: Missing sound for event: minecraft:item.goat_horn.play
[10:14:49] [Render thread/WARN]: Missing sound for event: minecraft:entity.goat.screaming.horn_break
[10:14:49] [Render thread/INFO]: OpenAL initialized on device OpenAL Soft on S³uchawki (QCY-T13 Stereo)
[10:14:49] [Render thread/INFO]: Sound engine started
[10:14:49] [Render thread/INFO]: Created: 2048x2048x0 minecraft:textures/atlas/blocks.png-atlas
[10:14:49] [Render thread/INFO]: Created: 512x256x0 minecraft:textures/atlas/signs.png-atlas
[10:14:49] [Render thread/INFO]: Created: 512x512x0 minecraft:textures/atlas/banner_patterns.png-atlas
[10:14:49] [Render thread/INFO]: Created: 512x512x0 minecraft:textures/atlas/shield_patterns.png-atlas
[10:14:49] [Render thread/INFO]: Created: 64x64x0 refurbished_furniture:textures/atlas/tv_channels.png-atlas
[10:14:49] [Render thread/INFO]: Created: 512x512x0 minecraft:textures/atlas/chest.png-atlas
[10:14:49] [Render thread/INFO]: Created: 512x256x0 minecraft:textures/atlas/beds.png-atlas
[10:14:49] [Render thread/INFO]: Created: 512x256x0 minecraft:textures/atlas/shulker_boxes.png-atlas
[10:14:53] [Render thread/WARN]: Shader rendertype_entity_translucent_emissive could not find sampler named Sampler2 in the specified shader program.
[10:14:54] [Render thread/INFO]: Created: 512x256x0 minecraft:textures/atlas/particles.png-atlas
[10:14:54] [Render thread/INFO]: Created: 256x256x0 minecraft:textures/atlas/paintings.png-atlas
[10:14:54] [Render thread/INFO]: Created: 128x128x0 minecraft:textures/atlas/mob_effects.png-atlas
[10:14:54] [Render thread/INFO]: Created: 256x128x0 jei:textures/atlas/gui.png-atlas
[10:14:54] [Render thread/INFO]: Loaded all shader sources.
[10:14:54] [Render thread/INFO]: Successfully reloaded the minimap shaders!
[10:14:59] [Worker-Bootstrap-3/INFO]: 4283 Datafixer optimizations took 76189 milliseconds
[10:15:07] [Render thread/INFO]: [fabric-registry-sync] Loaded registry data [file 1/4]
[10:15:08] [Worker-Main-11/ERROR]: Couldn't load tag mvs:has_structure/cherry_biomes as it is missing following references: minecraft:cherry_grove (from Moog's Voyager Structures)
[10:15:09] [Render thread/INFO]: Loaded 33 recipes
[10:15:09] [Render thread/INFO]: Loaded 4118 advancements
[10:15:09] [Render thread/INFO]: Loaded 9 Stalactite configs!
[10:15:09] [Render thread/WARN]: Not all defined tags for registry ResourceKey[minecraft:root / minecraft:worldgen/biome] are present in data pack: mvs:has_structure/cherry_biomes
[10:15:12] [Render thread/WARN]: Supressing EXPERIMENTAL level lifecycle
[10:15:13] [Render thread/INFO]: Initialized TerraBlender biomes for level stem minecraft:overworld
[10:15:13] [Render thread/INFO]: Applied 229 biome modifications to 123 of 159 new biomes in 134.8 ms
[10:15:13] [Server thread/INFO]: Loading server configs...
[10:15:13] [Server thread/INFO]: Starting integrated minecraft server version 1.19.2
[10:15:13] [Server thread/INFO]: Generating keypair
[10:15:14] [Server thread/INFO]: Preparing start region for dimension minecraft:overworld
[10:15:18] [Render thread/INFO]: Preparing spawn area: 0%
[10:15:18] [Render thread/INFO]: Preparing spawn area: 0%
[10:15:18] [Render thread/INFO]: Preparing spawn area: 0%
[10:15:18] [Render thread/INFO]: Preparing spawn area: 0%
[10:15:18] [Render thread/INFO]: Preparing spawn area: 0%
[10:15:18] [Render thread/INFO]: Preparing spawn area: 0%
[10:15:18] [Render thread/INFO]: Preparing spawn area: 0%
[10:15:19] [Render thread/INFO]: Preparing spawn area: 0%
[10:15:19] [Render thread/INFO]: Preparing spawn area: 0%
[10:15:19] [Render thread/INFO]: Preparing spawn area: 0%
[10:15:19] [Render thread/INFO]: Preparing spawn area: 0%
[10:15:20] [Render thread/INFO]: Preparing spawn area: 0%
[10:15:20] [Render thread/INFO]: Preparing spawn area: 25%
[10:15:21] [Render thread/INFO]: Preparing spawn area: 83%
[10:15:21] [Render thread/INFO]: Time elapsed: 6577 ms
[10:15:21] [Server thread/INFO]: Changing view distance to 12, from 10
[10:15:21] [Server thread/INFO]: Changing simulation distance to 9, from 0
[10:15:22] [Netty Local Client IO #0/INFO]: Connected to a modded server.
[10:15:23] [Server thread/INFO]: Virbu_s[local:E:4c07180c] logged in with entity id 100 at (26.546752029762967, 49.670445412440216, -994.5936992800896)
[10:15:23] [Server thread/INFO]: Loading config from file...
[10:15:23] [Server thread/INFO]: Virbu_s joined the game
[10:15:24] [Render thread/INFO]: New Xaero hud session initialized!
[10:15:24] [Render thread/INFO]: Reloading pipeline on dimension change: NamespacedId{namespace='minecraft', name='overworld'} => NamespacedId{namespace='twilightforest', name='twilight_forest'}
[10:15:24] [Render thread/INFO]: Destroying pipeline NamespacedId{namespace='minecraft', name='overworld'}
[10:15:24] [Render thread/INFO]: Creating pipeline for dimension NamespacedId{namespace='twilightforest', name='twilight_forest'}
[10:15:24] [Render thread/INFO]: Started 2 worker threads
[10:15:24] [Render thread/WARN]: @Redirect conflict. Skipping mixins.iris.compat.sodium.json:vertex_format.MixinFluidRenderer from mod iris->@Redirect::iris$fixSidewaysInnerFaceNormal(Lme/jellysquid/mods/sodium/client/model/IndexBufferBuilder;ILme/jellysquid/mods/sodium/client/model/quad/properties/ModelQuadWinding;Lnet/minecraft/class_1920;Lnet/minecraft/class_3610;Lnet/minecraft/class_2338;Lnet/minecraft/class_2338;Lme/jellysquid/mods/sodium/client/render/chunk/compile/buffers/ChunkModelBuilder;)V with priority 1000, already redirected by mixins.iris.compat.sodium.json:vertex_format.MixinFluidRenderer from mod iris->@Redirect::iris$fixBackwardUpFaceNormal(Lme/jellysquid/mods/sodium/client/model/IndexBufferBuilder;ILme/jellysquid/mods/sodium/client/model/quad/properties/ModelQuadWinding;Lnet/minecraft/class_1920;Lnet/minecraft/class_3610;Lnet/minecraft/class_2338;Lnet/minecraft/class_2338;Lme/jellysquid/mods/sodium/client/render/chunk/compile/buffers/ChunkModelBuilder;)V with priority 1000
[10:15:24] [Render thread/INFO]: Started 2 worker threads
[10:15:24] [Render thread/INFO]: [System] [CHAT] [WARN] Sodium is installed, but Indium is not. This will cause visual issues with Create!
[10:15:24] [Render thread/WARN]: Failed to get file path of mod moonlight
[10:15:24] [Render thread/INFO]: Syncing config from server to client...
[10:15:24] [Render thread/WARN]: Unknown recipe category: refurbished_furniture:freezer_solidifying/refurbished_furniture:freezing/blue_ice
[10:15:24] [Render thread/WARN]: Unknown recipe category: refurbished_furniture:freezer_solidifying/refurbished_furniture:freezing/packed_ice
[10:15:24] [Render thread/WARN]: Unknown recipe category: refurbished_furniture:oven_baking/refurbished_furniture:baking/sea_salt
[10:15:24] [Render thread/WARN]: Unknown recipe category: refurbished_furniture:oven_baking/refurbished_furniture:baking/cooked_meatlovers_pizza
[10:15:24] [Render thread/WARN]: Unknown recipe category: refurbished_furniture:microwave_heating/refurbished_furniture:heating/baked_potato
[10:15:24] [Render thread/WARN]: Unknown recipe category: refurbished_furniture:freezer_solidifying/refurbished_furniture:freezing/ice
[10:15:24] [Render thread/WARN]: Unknown recipe category: refurbished_furniture:oven_baking/refurbished_furniture:baking/baked_potato
[10:15:24] [Render thread/WARN]: Unknown recipe category: refurbished_furniture:oven_baking/refurbished_furniture:baking/cooked_vegetable_pizza
[10:15:25] [Render thread/INFO]: Starting JEI...
[10:15:25] [Render thread/INFO]: Registering item subtypes: jei:minecraft ...
[10:15:25] [Render thread/INFO]: Registering item subtypes: jei:minecraft took 9.599 ms
[10:15:25] [Render thread/INFO]: Registering item subtypes: create:jei_plugin ...
[10:15:25] [Render thread/INFO]: Registering item subtypes: create:jei_plugin took 21.10 ?s
[10:15:25] [Render thread/INFO]: Registering item subtypes: jei:debug ...
[10:15:25] [Render thread/INFO]: Registering item subtypes: jei:debug took 16.10 ?s
[10:15:25] [Render thread/INFO]: Registering item subtypes: jei:fabric_gui ...
[10:15:25] [Render thread/INFO]: Registering item subtypes: jei:fabric_gui took 15.80 ?s
[10:15:25] [Render thread/INFO]: Registering item subtypes: jei:gui ...
[10:15:25] [Render thread/INFO]: Registering item subtypes: jei:gui took 23.90 ?s
[10:15:25] [Render thread/INFO]: Registering item subtypes: refurbished_furniture:plugin ...
[10:15:25] [Render thread/INFO]: Registering item subtypes: refurbished_furniture:plugin took 16.10 ?s
[10:15:25] [Render thread/INFO]: Registering item subtypes: travelersbackpack:travelersbackpack ...
[10:15:25] [Render thread/INFO]: Registering item subtypes: travelersbackpack:travelersbackpack took 14.90 ?s
[10:15:25] [Render thread/INFO]: Registering item subtypes: twilightforest:jei_plugin ...
[10:15:25] [Render thread/INFO]: Registering item subtypes: twilightforest:jei_plugin took 17.60 ?s
[10:15:25] [Render thread/INFO]: Registering item subtypes: jei:internal ...
[10:15:25] [Render thread/INFO]: Registering item subtypes: jei:internal took 23.30 ?s
[10:15:25] [Render thread/INFO]: Registering fluid subtypes: jei:minecraft ...
[10:15:25] [Render thread/INFO]: Registering fluid subtypes: jei:minecraft took 104.0 ?s
[10:15:25] [Render thread/INFO]: Registering fluid subtypes: create:jei_plugin ...
[10:15:25] [Render thread/INFO]: Registering fluid subtypes: create:jei_plugin took 5.028 ms
[10:15:25] [Render thread/INFO]: Registering fluid subtypes: jei:debug ...
[10:15:25] [Render thread/INFO]: Registering fluid subtypes: jei:debug took 2.093 ms
[10:15:25] [Render thread/INFO]: Registering fluid subtypes: jei:fabric_gui ...
[10:15:25] [Render thread/INFO]: Registering fluid subtypes: jei:fabric_gui took 15.00 ?s
[10:15:25] [Render thread/INFO]: Registering fluid subtypes: jei:gui ...
[10:15:25] [Render thread/INFO]: Registering fluid subtypes: jei:gui took 20.20 ?s
[10:15:25] [Render thread/INFO]: Registering fluid subtypes: refurbished_furniture:plugin ...
[10:15:25] [Render thread/INFO]: Registering fluid subtypes: refurbished_furniture:plugin took 23.10 ?s
[10:15:25] [Render thread/INFO]: Registering fluid subtypes: travelersbackpack:travelersbackpack ...
[10:15:25] [Render thread/INFO]: Registering fluid subtypes: travelersbackpack:travelersbackpack took 15.90 ?s
[10:15:25] [Render thread/INFO]: Registering fluid subtypes: twilightforest:jei_plugin ...
[10:15:25] [Render thread/INFO]: Registering fluid subtypes: twilightforest:jei_plugin took 13.40 ?s
[10:15:25] [Render thread/INFO]: Registering fluid subtypes: jei:internal ...
[10:15:25] [Render thread/INFO]: Registering fluid subtypes: jei:internal took 12.60 ?s
[10:15:25] [Render thread/INFO]: Registering ingredients: jei:minecraft ...
[10:15:26] [Render thread/INFO]: Registering ingredients: jei:minecraft took 259.2 ms
[10:15:26] [Render thread/INFO]: Registering ingredients: create:jei_plugin ...
[10:15:26] [Render thread/INFO]: Registering ingredients: create:jei_plugin took 27.60 ?s
[10:15:26] [Render thread/INFO]: Registering ingredients: jei:debug ...
[10:15:26] [Render thread/INFO]: Loading config file: C:\Users\virbu\curseforge\minecraft\Instances\better mc\config\jei\jei-debug.ini
[10:15:26] [Render thread/INFO]: Registering ingredients: jei:debug took 7.183 ms
[10:15:26] [Render thread/INFO]: Registering ingredients: jei:fabric_gui ...
[10:15:26] [Render thread/INFO]: Registering ingredients: jei:fabric_gui took 14.80 ?s
[10:15:26] [Render thread/INFO]: Registering ingredients: jei:gui ...
[10:15:26] [Render thread/INFO]: Registering ingredients: jei:gui took 12.20 ?s
[10:15:26] [Render thread/INFO]: Registering ingredients: refurbished_furniture:plugin ...
[10:15:26] [Render thread/INFO]: Registering ingredients: refurbished_furniture:plugin took 17.90 ?s
[10:15:26] [Render thread/INFO]: Registering ingredients: travelersbackpack:travelersbackpack ...
[10:15:26] [Render thread/INFO]: Registering ingredients: travelersbackpack:travelersbackpack took 11.90 ?s
[10:15:26] [Render thread/INFO]: Registering ingredients: twilightforest:jei_plugin ...
[10:15:26] [Render thread/INFO]: Registering ingredients: twilightforest:jei_plugin took 8.773 ms
[10:15:26] [Render thread/INFO]: Registering ingredients: jei:internal ...
[10:15:26] [Render thread/INFO]: Registering ingredients: jei:internal took 13.20 ?s
[10:15:26] [Render thread/INFO]: Registering categories: jei:minecraft ...
[10:15:26] [Render thread/INFO]: Registering categories: jei:minecraft took 66.12 ms
[10:15:26] [Render thread/INFO]: Registering categories: create:jei_plugin ...
[10:15:26] [Render thread/INFO]: Registering categories: create:jei_plugin took 165.5 ms
[10:15:26] [Render thread/INFO]: Registering categories: jei:debug ...
[10:15:26] [Render thread/INFO]: Registering categories: jei:debug took 20.40 ?s
[10:15:26] [Render thread/INFO]: Registering categories: jei:fabric_gui ...
[10:15:26] [Render thread/INFO]: Registering categories: jei:fabric_gui took 15.30 ?s
[10:15:26] [Render thread/INFO]: Registering categories: jei:gui ...
[10:15:26] [Render thread/INFO]: Registering categories: jei:gui took 13.60 ?s
[10:15:26] [Render thread/INFO]: Registering categories: refurbished_furniture:plugin ...
[10:15:26] [Render thread/INFO]: Registering categories: refurbished_furniture:plugin took 24.89 ms
[10:15:26] [Render thread/INFO]: Registering categories: travelersbackpack:travelersbackpack ...
[10:15:26] [Render thread/INFO]: Registering categories: travelersbackpack:travelersbackpack took 42.30 ?s
[10:15:26] [Render thread/INFO]: Registering categories: twilightforest:jei_plugin ...
[10:15:26] [Render thread/INFO]: Registering categories: twilightforest:jei_plugin took 8.105 ms
[10:15:26] [Render thread/INFO]: Registering categories: jei:internal ...
[10:15:26] [Render thread/INFO]: Registering categories: jei:internal took 4.955 ms
[10:15:26] [Render thread/INFO]: Registering vanilla category extensions: jei:minecraft ...
[10:15:26] [Render thread/INFO]: Registering vanilla category extensions: jei:minecraft took 7.753 ms
[10:15:26] [Render thread/INFO]: Registering vanilla category extensions: create:jei_plugin ...
[10:15:26] [Render thread/INFO]: Registering vanilla category extensions: create:jei_plugin took 27.80 ?s
[10:15:26] [Render thread/INFO]: Registering vanilla category extensions: jei:debug ...
[10:15:26] [Render thread/INFO]: Registering vanilla category extensions: jei:debug took 20.80 ?s
[10:15:26] [Render thread/INFO]: Registering vanilla category extensions: jei:fabric_gui ...
[10:15:26] [Render thread/INFO]: Registering vanilla category extensions: jei:fabric_gui took 19.20 ?s
[10:15:26] [Render thread/INFO]: Registering vanilla category extensions: jei:gui ...
[10:15:26] [Render thread/INFO]: Registering vanilla category extensions: jei:gui took 17.20 ?s
[10:15:26] [Render thread/INFO]: Registering vanilla category extensions: refurbished_furniture:plugin ...
[10:15:26] [Render thread/INFO]: Registering vanilla category extensions: refurbished_furniture:plugin took 16.10 ?s
[10:15:26] [Render thread/INFO]: Registering vanilla category extensions: travelersbackpack:travelersbackpack ...
[10:15:26] [Render thread/INFO]: Registering vanilla category extensions: travelersbackpack:travelersbackpack took 15.70 ?s
[10:15:26] [Render thread/INFO]: Registering vanilla category extensions: twilightforest:jei_plugin ...
[10:15:26] [Render thread/INFO]: Registering vanilla category extensions: twilightforest:jei_plugin took 16.20 ?s
[10:15:26] [Render thread/INFO]: Registering vanilla category extensions: jei:internal ...
[10:15:26] [Render thread/INFO]: Registering vanilla category extensions: jei:internal took 15.70 ?s
[10:15:26] [Render thread/INFO]: Registering recipe catalysts: jei:minecraft ...
[10:15:26] [Render thread/INFO]: Registering recipe catalysts: jei:minecraft took 2.970 ms
[10:15:26] [Render thread/INFO]: Registering recipe catalysts: create:jei_plugin ...
[10:15:26] [Render thread/INFO]: Registering recipe catalysts: create:jei_plugin took 2.403 ms
[10:15:26] [Render thread/INFO]: Registering recipe catalysts: jei:debug ...
[10:15:26] [Render thread/INFO]: Registering recipe catalysts: jei:debug took 30.90 ?s
[10:15:26] [Render thread/INFO]: Registering recipe catalysts: jei:fabric_gui ...
[10:15:26] [Render thread/INFO]: Registering recipe catalysts: jei:fabric_gui took 21.60 ?s
[10:15:26] [Render thread/INFO]: Registering recipe catalysts: jei:gui ...
[10:15:26] [Render thread/INFO]: Registering recipe catalysts: jei:gui took 18.40 ?s
[10:15:26] [Render thread/INFO]: Registering recipe catalysts: refurbished_furniture:plugin ...
[10:15:26] [Render thread/INFO]: Registering recipe catalysts: refurbished_furniture:plugin took 111.3 ?s
[10:15:26] [Render thread/INFO]: Registering recipe catalysts: travelersbackpack:travelersbackpack ...
[10:15:26] [Render thread/INFO]: Registering recipe catalysts: travelersbackpack:travelersbackpack took 17.00 ?s
[10:15:26] [Render thread/INFO]: Registering recipe catalysts: twilightforest:jei_plugin ...
[10:15:26] [Render thread/INFO]: Registering recipe catalysts: twilightforest:jei_plugin took 96.60 ?s
[10:15:26] [Render thread/INFO]: Registering recipe catalysts: jei:internal ...
[10:15:26] [Render thread/INFO]: Registering recipe catalysts: jei:internal took 16.10 ?s
[10:15:26] [Render thread/INFO]: Registering advanced plugins: jei:minecraft ...
[10:15:26] [Render thread/INFO]: Registering advanced plugins: jei:minecraft took 49.40 ?s
[10:15:26] [Render thread/INFO]: Registering advanced plugins: create:jei_plugin ...
[10:15:26] [Render thread/INFO]: Registering advanced plugins: create:jei_plugin took 28.70 ?s
[10:15:26] [Render thread/INFO]: Registering advanced plugins: jei:debug ...
[10:15:26] [Render thread/INFO]: Registering advanced plugins: jei:debug took 25.90 ?s
[10:15:26] [Render thread/INFO]: Registering advanced plugins: jei:fabric_gui ...
[10:15:26] [Render thread/INFO]: Registering advanced plugins: jei:fabric_gui took 26.90 ?s
[10:15:26] [Render thread/INFO]: Registering advanced plugins: jei:gui ...
[10:15:26] [Render thread/INFO]: Registering advanced plugins: jei:gui took 45.50 ?s
[10:15:26] [Render thread/INFO]: Registering advanced plugins: refurbished_furniture:plugin ...
[10:15:26] [Render thread/INFO]: Registering advanced plugins: refurbished_furniture:plugin took 85.70 ?s
[10:15:26] [Render thread/INFO]: Registering advanced plugins: travelersbackpack:travelersbackpack ...
[10:15:26] [Render thread/INFO]: Registering advanced plugins: travelersbackpack:travelersbackpack took 29.00 ?s
[10:15:26] [Render thread/INFO]: Registering advanced plugins: twilightforest:jei_plugin ...
[10:15:26] [Render thread/INFO]: Registering advanced plugins: twilightforest:jei_plugin took 21.20 ?s
[10:15:26] [Render thread/INFO]: Registering advanced plugins: jei:internal ...
[10:15:26] [Render thread/INFO]: Registering advanced plugins: jei:internal took 18.50 ?s
[10:15:26] [Render thread/INFO]: Building recipe registry...
[10:15:26] [Render thread/INFO]: Building recipe registry took 34.58 ms
[10:15:26] [Render thread/INFO]: Registering recipes: jei:minecraft ...
[10:15:27] [Render thread/INFO]: Registering recipes: jei:minecraft took 791.7 ms
[10:15:27] [Render thread/INFO]: Registering recipes: create:jei_plugin ...
[10:15:27] [Render thread/INFO]: Ingredients are being removed at runtime: 4 mezz.jei.api.fabric.ingredients.fluids.IJeiFluidIngredient
[10:15:27] [Render thread/INFO]: Registering recipes: create:jei_plugin took 459.2 ms
[10:15:27] [Render thread/INFO]: Registering recipes: jei:debug ...
[10:15:27] [Render thread/INFO]: Registering recipes: jei:debug took 31.50 ?s
[10:15:27] [Render thread/INFO]: Registering recipes: jei:fabric_gui ...
[10:15:27] [Render thread/INFO]: Registering recipes: jei:fabric_gui took 21.60 ?s
[10:15:27] [Render thread/INFO]: Registering recipes: jei:gui ...
[10:15:27] [Render thread/INFO]: Registering recipes: jei:gui took 18.20 ?s
[10:15:27] [Render thread/INFO]: Registering recipes: refurbished_furniture:plugin ...
[10:15:27] [Render thread/INFO]: Registering recipes: refurbished_furniture:plugin took 26.85 ms
[10:15:27] [Render thread/INFO]: Registering recipes: travelersbackpack:travelersbackpack ...
[10:15:27] [Render thread/INFO]: Registering recipes: travelersbackpack:travelersbackpack took 13.30 ?s
[10:15:27] [Render thread/INFO]: Registering recipes: twilightforest:jei_plugin ...
[10:15:28] [Render thread/INFO]: Registering recipes: twilightforest:jei_plugin took 165.6 ms
[10:15:28] [Render thread/INFO]: Registering recipes: jei:internal ...
[10:15:28] [Render thread/INFO]: Registering recipes: jei:internal took 13.30 ?s
[10:15:28] [Render thread/INFO]: Registering recipes transfer handlers: jei:minecraft ...
[10:15:28] [Render thread/INFO]: Registering recipes transfer handlers: jei:minecraft took 6.080 ms
[10:15:28] [Render thread/INFO]: Registering recipes transfer handlers: create:jei_plugin ...
[10:15:28] [Render thread/INFO]: Registering recipes transfer handlers: create:jei_plugin took 2.007 ms
[10:15:28] [Render thread/INFO]: Registering recipes transfer handlers: jei:debug ...
[10:15:28] [Render thread/INFO]: Registering recipes transfer handlers: jei:debug took 13.20 ?s
[10:15:28] [Render thread/INFO]: Registering recipes transfer handlers: jei:fabric_gui ...
[10:15:28] [Render thread/INFO]: Registering recipes transfer handlers: jei:fabric_gui took 11.60 ?s
[10:15:28] [Render thread/INFO]: Registering recipes transfer handlers: jei:gui ...
[10:15:28] [Render thread/INFO]: Registering recipes transfer handlers: jei:gui took 11.00 ?s
[10:15:28] [Render thread/INFO]: Registering recipes transfer handlers: refurbished_furniture:plugin ...
[10:15:28] [Render thread/INFO]: Registering recipes transfer handlers: refurbished_furniture:plugin took 11.30 ?s
[10:15:28] [Render thread/INFO]: Registering recipes transfer handlers: travelersbackpack:travelersbackpack ...
[10:15:28] [Render thread/INFO]: Registering recipes transfer handlers: travelersbackpack:travelersbackpack took 6.569 ms
[10:15:28] [Render thread/INFO]: Registering recipes transfer handlers: twilightforest:jei_plugin ...
[10:15:28] [Render thread/INFO]: Registering recipes transfer handlers: twilightforest:jei_plugin took 37.50 ?s
[10:15:28] [Render thread/INFO]: Registering recipes transfer handlers: jei:internal ...
[10:15:28] [Render thread/INFO]: Registering recipes transfer handlers: jei:internal took 11.30 ?s
[10:15:28] [Render thread/INFO]: Building runtime...
[10:15:28] [Render thread/INFO]: Registering gui handlers: jei:minecraft ...
[10:15:28] [Render thread/INFO]: Registering gui handlers: jei:minecraft took 7.265 ms
[10:15:28] [Render thread/INFO]: Registering gui handlers: create:jei_plugin ...
[10:15:28] [Render thread/INFO]: Registering gui handlers: create:jei_plugin took 3.561 ms
[10:15:28] [Render thread/INFO]: Registering gui handlers: jei:debug ...
[10:15:28] [Render thread/INFO]: Registering gui handlers: jei:debug took 17.40 ?s
[10:15:28] [Render thread/INFO]: Registering gui handlers: jei:fabric_gui ...
[10:15:28] [Render thread/INFO]: Registering gui handlers: jei:fabric_gui took 11.90 ?s
[10:15:28] [Render thread/INFO]: Registering gui handlers: jei:gui ...
[10:15:28] [Render thread/INFO]: Registering gui handlers: jei:gui took 24.04 ms
[10:15:28] [Render thread/INFO]: Registering gui handlers: refurbished_furniture:plugin ...
[10:15:28] [Render thread/INFO]: Registering gui handlers: refurbished_furniture:plugin took 1.953 ms
[10:15:28] [Render thread/INFO]: Registering gui handlers: travelersbackpack:travelersbackpack ...
[10:15:28] [Render thread/INFO]: Registering gui handlers: travelersbackpack:travelersbackpack took 1.590 ms
[10:15:28] [Render thread/INFO]: Registering gui handlers: twilightforest:jei_plugin ...
[10:15:28] [Render thread/INFO]: Registering gui handlers: twilightforest:jei_plugin took 45.00 ?s
[10:15:28] [Render thread/INFO]: Registering gui handlers: jei:internal ...
[10:15:28] [Render thread/INFO]: Registering gui handlers: jei:internal took 11.80 ?s
[10:15:28] [Render thread/INFO]: Registering Runtime: jei:minecraft ...
[10:15:28] [Render thread/INFO]: Registering Runtime: jei:minecraft took 30.10 ?s
[10:15:28] [Render thread/INFO]: Registering Runtime: create:jei_plugin ...
[10:15:28] [Render thread/INFO]: Registering Runtime: create:jei_plugin took 12.40 ?s
[10:15:28] [Render thread/INFO]: Registering Runtime: jei:debug ...
[10:15:28] [Render thread/INFO]: Registering Runtime: jei:debug took 12.70 ?s
[10:15:28] [Render thread/INFO]: Registering Runtime: jei:fabric_gui ...
[10:15:28] [Render thread/INFO]: Starting JEI GUI
[10:15:28] [Render thread/INFO]: Building ingredient list...
[10:15:28] [Render thread/INFO]: Building ingredient list took 9.982 ms
[10:15:28] [Render thread/INFO]: Building ingredient filter...
[10:15:28] [Render thread/INFO]: Loading config file: C:\Users\virbu\curseforge\minecraft\Instances\better mc\config\jei\jei-client.ini
[10:15:28] [Render thread/INFO]: Adding 4639 ingredients
[10:15:28] [Render thread/INFO]: Added 4639 ingredients
[10:15:28] [Render thread/INFO]: Building ingredient filter took 806.1 ms
[10:15:29] [Render thread/INFO]: Registering Runtime: jei:fabric_gui took 975.9 ms
[10:15:29] [Render thread/INFO]: Registering Runtime: jei:gui ...
[10:15:29] [Render thread/INFO]: Registering Runtime: jei:gui took 16.70 ?s
[10:15:29] [Render thread/INFO]: Registering Runtime: refurbished_furniture:plugin ...
[10:15:29] [Render thread/INFO]: Registering Runtime: refurbished_furniture:plugin took 14.50 ?s
[10:15:29] [Render thread/INFO]: Registering Runtime: travelersbackpack:travelersbackpack ...
[10:15:29] [Render thread/INFO]: Registering Runtime: travelersbackpack:travelersbackpack took 11.80 ?s
[10:15:29] [Render thread/INFO]: Registering Runtime: twilightforest:jei_plugin ...
[10:15:29] [Render thread/INFO]: Registering Runtime: twilightforest:jei_plugin took 11.00 ?s
[10:15:29] [Render thread/INFO]: Registering Runtime: jei:internal ...
[10:15:29] [Render thread/INFO]: Registering Runtime: jei:internal took 10.60 ?s
[10:15:29] [Render thread/INFO]: Building runtime took 1.043 s
[10:15:29] [Render thread/INFO]: Sending Runtime: jei:minecraft ...
[10:15:29] [Render thread/INFO]: Sending Runtime: jei:minecraft took 43.30 ?s
[10:15:29] [Render thread/INFO]: Sending Runtime: create:jei_plugin ...
[10:15:29] [Render thread/INFO]: Sending Runtime: create:jei_plugin took 14.20 ?s
[10:15:29] [Render thread/INFO]: Sending Runtime: jei:debug ...
[10:15:29] [Render thread/INFO]: Sending Runtime: jei:debug took 19.70 ?s
[10:15:29] [Render thread/INFO]: Sending Runtime: jei:fabric_gui ...
[10:15:29] [Render thread/INFO]: Sending Runtime: jei:fabric_gui took 20.30 ?s
[10:15:29] [Render thread/INFO]: Sending Runtime: jei:gui ...
[10:15:29] [Render thread/INFO]: Sending Runtime: jei:gui took 9.000 ?s
[10:15:29] [Render thread/INFO]: Sending Runtime: refurbished_furniture:plugin ...
[10:15:29] [Render thread/INFO]: Sending Runtime: refurbished_furniture:plugin took 9.100 ?s
[10:15:29] [Render thread/INFO]: Sending Runtime: travelersbackpack:travelersbackpack ...
[10:15:29] [Render thread/INFO]: Sending Runtime: travelersbackpack:travelersbackpack took 8.200 ?s
[10:15:29] [Render thread/INFO]: Sending Runtime: twilightforest:jei_plugin ...
[10:15:29] [Render thread/INFO]: Sending Runtime: twilightforest:jei_plugin took 8.300 ?s
[10:15:29] [Render thread/INFO]: Sending Runtime: jei:internal ...
[10:15:29] [Render thread/INFO]: Sending Runtime: jei:internal took 8.200 ?s
[10:15:29] [Render thread/INFO]: Starting JEI took 3.356 s
[10:15:29] [Render thread/INFO]: Minimap updated server level id: 770372063 for world ResourceKey[minecraft:dimension / twilightforest:twilight_forest]
[10:15:29] [Render thread/INFO]: Loaded 88 advancements
[10:15:30] [Render thread/INFO]: Reloading entity icon resources...
[10:15:30] [Render thread/INFO]: Reloaded entity icon resources!
[10:15:31] [Server thread/INFO]: Saving and pausing game...
[10:15:31] [Server thread/INFO]: Saving chunks for level 'ServerLevel[New World]'/minecraft:overworld
[10:15:31] [Server thread/INFO]: Saving chunks for level 'ServerLevel[New World]'/twilightforest:twilight_forest
[10:15:31] [Server thread/INFO]: Saving chunks for level 'ServerLevel[New World]'/minecraft:the_end
[10:15:31] [Server thread/INFO]: Saving chunks for level 'ServerLevel[New World]'/minecraft:the_nether
[10:15:43] [Server thread/INFO]: Saving and pausing game...
[10:15:43] [Server thread/INFO]: Saving chunks for level 'ServerLevel[New World]'/minecraft:overworld
[10:15:43] [Server thread/INFO]: Saving chunks for level 'ServerLevel[New World]'/twilightforest:twilight_forest
[10:15:43] [Server thread/INFO]: Saving chunks for level 'ServerLevel[New World]'/minecraft:the_end
[10:15:43] [Server thread/INFO]: Saving chunks for level 'ServerLevel[New World]'/minecraft:the_nether
[10:15:46] [Render thread/INFO]: Using default channel type
[10:15:47] [Render thread/INFO]: Started serving on 64852
[10:15:47] [Render thread/INFO]: [System] [CHAT] Local game hosted on port 64852
[10:15:50] [Server thread/INFO]: [Virbu_s: Set own game mode to Creative Mode]
[10:15:50] [Render thread/INFO]: [System] [CHAT] Set own game mode to Creative Mode
[10:15:56] [Render thread/INFO]: [System] [CHAT] Saved screenshot as 2024-09-08_10.15.55.png
[10:16:07] [Render thread/INFO]: Destroying pipeline NamespacedId{namespace='twilightforest', name='twilight_forest'}
[10:16:07] [Render thread/WARN]: Tried to get boolean value for unknown option: TAA && !RETRO_FILTER, defaulting to true!
[10:16:07] [Render thread/WARN]: Tried to get boolean value for unknown option: FXAA && !RETRO_FILTER, defaulting to true!
[10:16:07] [Render thread/WARN]: Tried to get boolean value for unknown option: TAA && !RETRO_FILTER, defaulting to true!
[10:16:07] [Render thread/WARN]: Tried to get boolean value for unknown option: FXAA && !RETRO_FILTER, defaulting to true!
[10:16:07] [Render thread/WARN]: Tried to get boolean value for unknown option: FXAA && !RETRO_FILTER, defaulting to true!
[10:16:07] [Render thread/WARN]: Tried to get boolean value for unknown option: TAA && !RETRO_FILTER, defaulting to true!
[10:16:07] [Render thread/INFO]: Profile: MEDIUM (+0 options changed by user)
[10:16:08] [Render thread/INFO]: Using shaderpack: Insanity-Shader-Universal-v1.650.zip
[10:16:08] [Render thread/INFO]: Creating pipeline for dimension NamespacedId{namespace='twilightforest', name='twilight_forest'}
[10:16:08] [Render thread/INFO]: Starting custom uniform resolving
[10:16:09] [Render thread/WARN]: [Patcher] gl_FragColor is not supported yet, please use gl_FragData! Assuming that the shaderpack author intended to use gl_FragData[0]...
[10:16:12] [Render thread/INFO]: Stopping worker threads
[10:16:12] [Render thread/INFO]: Started 2 worker threads
[10:16:40] [Server thread/INFO]: [Virbu_s: Set the time to 1000]
[10:16:40] [Render thread/INFO]: [System] [CHAT] Set the time to 1000
[10:16:46] [Server thread/INFO]: Virbu_s fell out of the world
[10:16:46] [Server thread/INFO]: [Virbu_s: Killed Virbu_s]
[10:16:46] [Render thread/INFO]: [System] [CHAT] Virbu_s fell out of the world
[10:16:46] [Render thread/INFO]: [System] [CHAT] Killed Virbu_s
[10:16:47] [Render thread/INFO]: Reloading pipeline on dimension change: NamespacedId{namespace='twilightforest', name='twilight_forest'} => NamespacedId{namespace='minecraft', name='overworld'}
[10:16:47] [Render thread/INFO]: Destroying pipeline NamespacedId{namespace='twilightforest', name='twilight_forest'}
[10:16:47] [Render thread/INFO]: Creating pipeline for dimension NamespacedId{namespace='minecraft', name='overworld'}
[10:16:48] [Render thread/INFO]: Starting custom uniform resolving
[10:16:48] [Render thread/WARN]: [Patcher] gl_FragColor is not supported yet, please use gl_FragData! Assuming that the shaderpack author intended to use gl_FragData[0]...
[10:16:48] [Render thread/INFO]: Stopping worker threads
[10:16:48] [Render thread/INFO]: Started 2 worker threads
[10:16:48] [Render thread/INFO]: Stopping worker threads
[10:16:48] [Render thread/INFO]: Started 2 worker threads
[10:16:48] [Render thread/INFO]: Minimap updated server level id: 770372063 for world ResourceKey[minecraft:dimension / minecraft:overworld]
[10:18:07] [Render thread/INFO]: Stopping worker threads
[10:18:07] [Render thread/INFO]: Started 2 worker threads
[10:18:07] [Render thread/INFO]: Flushed changes to Minecraft configuration
[10:18:18] [Render thread/INFO]: Stopping worker threads
[10:18:18] [Render thread/INFO]: Started 2 worker threads
[10:18:18] [Render thread/INFO]: Flushed changes to Minecraft configuration
[10:19:21] [Render thread/INFO]: Stopping worker threads
[10:19:21] [Render thread/INFO]: Started 2 worker threads
[10:19:21] [Render thread/INFO]: Flushed changes to Sodium configuration
[10:19:21] [Render thread/INFO]: Flushed changes to Minecraft configuration
[10:19:31] [Render thread/INFO]: Flushed changes to Minecraft configuration
[10:20:39] [Render thread/INFO]: Xaero hud session finalized.
[10:20:39] [Server thread/INFO]: Virbu_s lost connection: Disconnected
[10:20:39] [Server thread/INFO]: Virbu_s left the game
[10:20:39] [Server thread/INFO]: Stopping singleplayer server as player logged out
[10:20:39] [Server thread/INFO]: Stopping server
[10:20:39] [Server thread/INFO]: Saving players
[10:20:39] [Server thread/INFO]: Saving worlds
[10:20:43] [Server thread/INFO]: Saving chunks for level 'ServerLevel[New World]'/minecraft:overworld
[10:20:46] [Server thread/INFO]: Saving chunks for level 'ServerLevel[New World]'/twilightforest:twilight_forest
[10:20:46] [Server thread/INFO]: Saving chunks for level 'ServerLevel[New World]'/minecraft:the_end
[10:20:46] [Server thread/INFO]: Saving chunks for level 'ServerLevel[New World]'/minecraft:the_nether
[10:20:46] [Server thread/INFO]: ThreadedAnvilChunkStorage (New World (2)): All chunks are saved
[10:20:46] [Server thread/INFO]: ThreadedAnvilChunkStorage (twilight_forest): All chunks are saved
[10:20:46] [Server thread/INFO]: ThreadedAnvilChunkStorage (DIM1): All chunks are saved
[10:20:46] [Server thread/INFO]: ThreadedAnvilChunkStorage (DIM-1): All chunks are saved
[10:20:46] [Server thread/INFO]: ThreadedAnvilChunkStorage: All dimensions are saved
[10:20:46] [Server thread/INFO]: Unloading server configs...
[10:20:46] [Server thread/INFO]: Sending config unload event for refurbished_furniture.server.toml
[10:20:46] [Render thread/INFO]: Stopping JEI
[10:20:46] [Render thread/INFO]: Stopping JEI
[10:20:46] [Render thread/INFO]: Sending Runtime Unavailable: jei:minecraft ...
[10:20:46] [Render thread/INFO]: Sending Runtime Unavailable: jei:minecraft took 18.90 ?s
[10:20:46] [Render thread/INFO]: Sending Runtime Unavailable: create:jei_plugin ...
[10:20:46] [Render thread/INFO]: Sending Runtime Unavailable: create:jei_plugin took 9.000 ?s
[10:20:46] [Render thread/INFO]: Sending Runtime Unavailable: jei:debug ...
[10:20:46] [Render thread/INFO]: Sending Runtime Unavailable: jei:debug took 8.900 ?s
[10:20:46] [Render thread/INFO]: Sending Runtime Unavailable: jei:fabric_gui ...
[10:20:46] [Render thread/INFO]: Stopping JEI GUI
[10:20:46] [JEI GUI Config file watcher/INFO]: FileWatcher was interrupted, stopping.
[10:20:46] [Render thread/INFO]: Sending Runtime Unavailable: jei:fabric_gui took 1.284 ms
[10:20:46] [Render thread/INFO]: Sending Runtime Unavailable: jei:gui ...
[10:20:46] [Render thread/INFO]: Sending Runtime Unavailable: jei:gui took 7.900 ?s
[10:20:46] [Render thread/INFO]: Sending Runtime Unavailable: refurbished_furniture:plugin ...
[10:20:46] [Render thread/INFO]: Sending Runtime Unavailable: refurbished_furniture:plugin took 7.000 ?s
[10:20:46] [Render thread/INFO]: Sending Runtime Unavailable: travelersbackpack:travelersbackpack ...
[10:20:46] [Render thread/INFO]: Sending Runtime Unavailable: travelersbackpack:travelersbackpack took 7.100 ?s
[10:20:46] [Render thread/INFO]: Sending Runtime Unavailable: twilightforest:jei_plugin ...
[10:20:46] [Render thread/INFO]: Sending Runtime Unavailable: twilightforest:jei_plugin took 6.300 ?s
[10:20:46] [Render thread/INFO]: Sending Runtime Unavailable: jei:internal ...
[10:20:46] [Render thread/INFO]: Sending Runtime Unavailable: jei:internal took 6.100 ?s
[10:20:46] [JEI Library Config file watcher/INFO]: FileWatcher was interrupted, stopping.
[10:20:46] [Render thread/INFO]: Stopping worker threads
[10:20:47] [Render thread/INFO]: Stopping!
